  main.cpp
C:\Program Files (x86)\Microsoft Visual Studio\2019\Community\VC\Tools\MSVC\14.28.29333\include\xmemory(230,33): warning C4244: 'argument': conversion from 'unsigned int' to 'float', possible loss of data
C:\Program Files (x86)\Microsoft Visual Studio\2019\Community\VC\Tools\MSVC\14.28.29333\include\memory(1563): message : see reference to function template instantiation 'void std::_Construct_in_place<_Ty,unsigned int&>(_Ty &,unsigned int &) noexcept(false)' being compiled
          with
          [
              _Ty=soviet::NumberValue
          ]
C:\Program Files (x86)\Microsoft Visual Studio\2019\Community\VC\Tools\MSVC\14.28.29333\include\memory(2207): message : see reference to function template instantiation 'std::_Ref_count_obj2<_Ty>::_Ref_count_obj2<unsigned int&>(unsigned int &)' being compiled
          with
          [
              _Ty=soviet::NumberValue
          ]
C:\Program Files (x86)\Microsoft Visual Studio\2019\Community\VC\Tools\MSVC\14.28.29333\include\memory(2208): message : see reference to function template instantiation 'std::_Ref_count_obj2<_Ty>::_Ref_count_obj2<unsigned int&>(unsigned int &)' being compiled
          with
          [
              _Ty=soviet::NumberValue
          ]
C:\Users\chleb\Desktop\projekty\soviet\evaluator\modules\Misc.hpp(23): message : see reference to function template instantiation 'std::shared_ptr<soviet::NumberValue> std::make_shared<soviet::NumberValue,unsigned int&>(unsigned int &)' being compiled
  test.cpp
  Generating code
  Previous IPDB not found, fall back to full compilation.
  All 2374 functions were compiled because no usable IPDB/IOBJ from previous compilation was found.
  Finished generating code
  soviet.vcxproj -> C:\Users\chleb\Desktop\projekty\soviet\x64\Release\soviet.exe
